{"level":"info","message":"configROLE_USER,ROLE_ADMIN,ROLE_SUPERADMIN","timestamp":"2018-07-13T10:06:08.561Z"}
{"level":"info","message":"Connected to mongo server.","timestamp":"2018-07-13T10:06:09.499Z"}
{"level":"info","message":"configROLE_USER,ROLE_ADMIN,ROLE_SUPERADMIN","timestamp":"2018-07-13T10:59:08.048Z"}
{"level":"info","message":"Connected to mongo server.","timestamp":"2018-07-13T10:59:08.837Z"}
{"level":"info","message":"configROLE_USER,ROLE_ADMIN,ROLE_SUPERADMIN","timestamp":"2018-07-13T11:00:21.816Z"}
{"level":"info","message":"Connected to mongo server.","timestamp":"2018-07-13T11:00:22.624Z"}
{"level":"info","message":"configROLE_USER,ROLE_ADMIN,ROLE_SUPERADMIN","timestamp":"2018-07-13T11:01:00.529Z"}
{"level":"info","message":"Connected to mongo server.","timestamp":"2018-07-13T11:01:01.329Z"}
{"level":"info","message":"configROLE_USER,ROLE_ADMIN,ROLE_SUPERADMIN","timestamp":"2018-07-13T11:04:30.461Z"}
{"level":"info","message":"Connected to mongo server.","timestamp":"2018-07-13T11:04:31.264Z"}
{"level":"info","message":"undefined","timestamp":"2018-07-13T11:04:34.347Z"}
{"level":"info","message":"configROLE_USER,ROLE_ADMIN,ROLE_SUPERADMIN","timestamp":"2018-07-13T11:06:15.246Z"}
{"level":"info","message":"Connected to mongo server.","timestamp":"2018-07-13T11:06:16.055Z"}
{"level":"info","message":"configROLE_USER,ROLE_ADMIN,ROLE_SUPERADMIN","timestamp":"2018-07-13T11:07:19.213Z"}
{"level":"info","message":"Connected to mongo server.","timestamp":"2018-07-13T11:07:20.022Z"}
{"level":"info","message":"configROLE_USER,ROLE_ADMIN,ROLE_SUPERADMIN","timestamp":"2018-07-13T11:12:34.678Z"}
{"level":"info","message":"Connected to mongo server.","timestamp":"2018-07-13T11:12:35.508Z"}
{"level":"info","message":"configROLE_USER,ROLE_ADMIN,ROLE_SUPERADMIN","timestamp":"2018-07-13T11:14:02.775Z"}
{"level":"info","message":"Connected to mongo server.","timestamp":"2018-07-13T11:14:03.592Z"}
{"level":"info","message":"configROLE_USER,ROLE_ADMIN,ROLE_SUPERADMIN","timestamp":"2018-07-13T11:26:45.200Z"}
{"level":"info","message":"Connected to mongo server.","timestamp":"2018-07-13T11:26:46.002Z"}
{"level":"info","message":"configROLE_USER,ROLE_ADMIN,ROLE_SUPERADMIN","timestamp":"2018-07-13T11:26:52.952Z"}
{"level":"info","message":"Connected to mongo server.","timestamp":"2018-07-13T11:26:53.766Z"}
{"level":"info","message":"configROLE_USER,ROLE_ADMIN,ROLE_SUPERADMIN","timestamp":"2018-07-13T11:27:38.321Z"}
{"level":"info","message":"Connected to mongo server.","timestamp":"2018-07-13T11:27:39.132Z"}
{"level":"info","message":"configROLE_USER,ROLE_ADMIN,ROLE_SUPERADMIN","timestamp":"2018-07-13T11:30:32.048Z"}
{"level":"info","message":"Connected to mongo server.","timestamp":"2018-07-13T11:30:32.963Z"}
{"level":"info","message":"configROLE_USER,ROLE_ADMIN,ROLE_SUPERADMIN","timestamp":"2018-07-13T11:30:58.679Z"}
{"level":"info","message":"Connected to mongo server.","timestamp":"2018-07-13T11:30:59.504Z"}
{"level":"info","message":"configROLE_USER,ROLE_ADMIN,ROLE_SUPERADMIN","timestamp":"2018-07-13T11:32:29.258Z"}
{"level":"info","message":"Connected to mongo server.","timestamp":"2018-07-13T11:32:30.101Z"}
{"level":"info","message":"configROLE_USER,ROLE_ADMIN,ROLE_SUPERADMIN","timestamp":"2018-07-13T11:33:46.565Z"}
{"level":"info","message":"Connected to mongo server.","timestamp":"2018-07-13T11:33:47.366Z"}
{"level":"info","message":"configROLE_USER,ROLE_ADMIN,ROLE_SUPERADMIN","timestamp":"2018-07-13T11:34:24.465Z"}
{"level":"info","message":"Connected to mongo server.","timestamp":"2018-07-13T11:34:25.287Z"}
{"stack":"Error\n    at new ValidationError (/home/katiyar/myProjects/coach/node_modules/mongoose/lib/error/validation.js:22:16)\n    at model.Document.invalidate (/home/katiyar/myProjects/coach/node_modules/mongoose/lib/document.js:1256:32)\n    at /home/katiyar/myProjects/coach/node_modules/mongoose/lib/document.js:1131:16\n    at validate (/home/katiyar/myProjects/coach/node_modules/mongoose/lib/schematype.js:653:7)\n    at /home/katiyar/myProjects/coach/node_modules/mongoose/lib/schematype.js:681:9\n    at Array.forEach (<anonymous>)\n    at SchemaNumber.SchemaType.doValidate (/home/katiyar/myProjects/coach/node_modules/mongoose/lib/schematype.js:658:19)\n    at /home/katiyar/myProjects/coach/node_modules/mongoose/lib/document.js:1129:9\n    at process._tickCallback (internal/process/next_tick.js:61:11)","message":"User validation failed","name":"ValidationError","errors":{"phone":{"properties":{"type":"required","message":"Path `{PATH}` is required.","path":"phone"},"stack":"Error\n    at new ValidatorError (/home/katiyar/myProjects/coach/node_modules/mongoose/lib/error/validator.js:25:16)\n    at validate (/home/katiyar/myProjects/coach/node_modules/mongoose/lib/schematype.js:652:13)\n    at /home/katiyar/myProjects/coach/node_modules/mongoose/lib/schematype.js:681:9\n    at Array.forEach (<anonymous>)\n    at SchemaNumber.SchemaType.doValidate (/home/katiyar/myProjects/coach/node_modules/mongoose/lib/schematype.js:658:19)\n    at /home/katiyar/myProjects/coach/node_modules/mongoose/lib/document.js:1129:9\n    at process._tickCallback (internal/process/next_tick.js:61:11)","message":"Path `phone` is required.","name":"ValidatorError","kind":"required","path":"phone"},"city":{"properties":{"type":"required","message":"Path `{PATH}` is required.","path":"city"},"stack":"Error\n    at new ValidatorError (/home/katiyar/myProjects/coach/node_modules/mongoose/lib/error/validator.js:25:16)\n    at validate (/home/katiyar/myProjects/coach/node_modules/mongoose/lib/schematype.js:652:13)\n    at /home/katiyar/myProjects/coach/node_modules/mongoose/lib/schematype.js:681:9\n    at Array.forEach (<anonymous>)\n    at SchemaString.SchemaType.doValidate (/home/katiyar/myProjects/coach/node_modules/mongoose/lib/schematype.js:658:19)\n    at /home/katiyar/myProjects/coach/node_modules/mongoose/lib/document.js:1129:9\n    at process._tickCallback (internal/process/next_tick.js:61:11)","message":"Path `city` is required.","name":"ValidatorError","kind":"required","path":"city"}},"level":"error","timestamp":"2018-07-13T11:34:25.297Z"}
{"level":"info","message":"configROLE_USER,ROLE_ADMIN,ROLE_SUPERADMIN","timestamp":"2018-07-13T11:36:54.563Z"}
{"level":"info","message":"Connected to mongo server.","timestamp":"2018-07-13T11:36:55.365Z"}
{"stack":"Error\n    at new ValidationError (/home/katiyar/myProjects/coach/node_modules/mongoose/lib/error/validation.js:22:16)\n    at model.Document.invalidate (/home/katiyar/myProjects/coach/node_modules/mongoose/lib/document.js:1256:32)\n    at /home/katiyar/myProjects/coach/node_modules/mongoose/lib/document.js:1131:16\n    at validate (/home/katiyar/myProjects/coach/node_modules/mongoose/lib/schematype.js:653:7)\n    at /home/katiyar/myProjects/coach/node_modules/mongoose/lib/schematype.js:681:9\n    at Array.forEach (<anonymous>)\n    at SchemaString.SchemaType.doValidate (/home/katiyar/myProjects/coach/node_modules/mongoose/lib/schematype.js:658:19)\n    at /home/katiyar/myProjects/coach/node_modules/mongoose/lib/document.js:1129:9\n    at process._tickCallback (internal/process/next_tick.js:61:11)","message":"User validation failed","name":"ValidationError","errors":{"city":{"properties":{"type":"required","message":"Path `{PATH}` is required.","path":"city","value":""},"stack":"Error\n    at new ValidatorError (/home/katiyar/myProjects/coach/node_modules/mongoose/lib/error/validator.js:25:16)\n    at validate (/home/katiyar/myProjects/coach/node_modules/mongoose/lib/schematype.js:652:13)\n    at /home/katiyar/myProjects/coach/node_modules/mongoose/lib/schematype.js:681:9\n    at Array.forEach (<anonymous>)\n    at SchemaString.SchemaType.doValidate (/home/katiyar/myProjects/coach/node_modules/mongoose/lib/schematype.js:658:19)\n    at /home/katiyar/myProjects/coach/node_modules/mongoose/lib/document.js:1129:9\n    at process._tickCallback (internal/process/next_tick.js:61:11)","message":"Path `city` is required.","name":"ValidatorError","kind":"required","path":"city","value":""}},"level":"error","timestamp":"2018-07-13T11:36:55.375Z"}
{"level":"info","message":"configROLE_USER,ROLE_ADMIN,ROLE_SUPERADMIN","timestamp":"2018-07-13T11:37:11.581Z"}
{"level":"info","message":"Connected to mongo server.","timestamp":"2018-07-13T11:37:12.396Z"}
{"$__":{"strictMode":true,"inserting":true,"getters":{},"wasPopulated":false,"activePaths":{"paths":{"phone":"require","city":"require","role":"require","isAccountActive":"require","accountLocked":"require","salt":"require","password":"require","email":"require","lastName":"require","firstName":"require"},"states":{"ignore":{},"default":{},"init":{},"modify":{},"require":{"phone":true,"city":true,"role":true,"isAccountActive":true,"accountLocked":true,"salt":true,"password":true,"email":true,"lastName":true,"firstName":true}},"stateNames":["require","modify","init","default","ignore"]},"emitter":{"_events":{},"_eventsCount":0,"_maxListeners":0}},"isNew":false,"_doc":{"firstName":"SuperAdmin","lastName":"User","email":"admin@coach.com","password":"6f0602a4b5d5889b0fbf55da6b5696fb7a62430b","salt":"1504dbe0-8691-11e8-8fde-6d8c1756212d","accountLocked":false,"isAccountActive":true,"created":"2018-07-13T11:37:12.400Z","sports":[],"awardsAndRecognition":[],"_id":{"_bsontype":"ObjectID","id":"[HèÎ+$\u001a;"},"city":"LONDON","phone":9999999999,"role":"ROLE_SUPERADMIN","updatedAt":"2018-07-13T11:37:12.406Z","createdAt":"2018-07-13T11:37:12.406Z","deleted":false,"deletedAt":null,"__v":0},"_pres":{"$__original_save":[null,null,null,null]},"_posts":{"$__original_save":[]},"level":"info","message":"","timestamp":"2018-07-13T11:37:12.442Z"}
{"level":"info","message":"configROLE_USER,ROLE_ADMIN,ROLE_SUPERADMIN","timestamp":"2018-07-13T11:37:55.445Z"}
{"level":"info","message":"Connected to mongo server.","timestamp":"2018-07-13T11:37:56.294Z"}
{"level":"info","message":"configROLE_USER,ROLE_ADMIN,ROLE_SUPERADMIN","timestamp":"2018-07-13T11:40:26.841Z"}
{"level":"info","message":"Connected to mongo server.","timestamp":"2018-07-13T11:40:27.646Z"}
{"level":"info","message":"configROLE_USER,ROLE_ADMIN,ROLE_SUPERADMIN","timestamp":"2018-07-13T11:50:41.490Z"}
{"level":"info","message":"Connected to mongo server.","timestamp":"2018-07-13T11:50:42.303Z"}
{"level":"info","message":"configROLE_USER,ROLE_ADMIN,ROLE_SUPERADMIN","timestamp":"2018-07-13T11:50:47.503Z"}
{"level":"info","message":"Connected to mongo server.","timestamp":"2018-07-13T11:50:48.345Z"}
{"level":"info","message":"configROLE_USER,ROLE_ADMIN,ROLE_SUPERADMIN","timestamp":"2018-07-13T11:59:06.331Z"}
{"level":"info","message":"Connected to mongo server.","timestamp":"2018-07-13T11:59:07.160Z"}
{"$__":{"strictMode":true,"inserting":true,"getters":{},"wasPopulated":false,"activePaths":{"paths":{"phone":"require","city":"require","role":"require","isAccountActive":"require","accountLocked":"require","salt":"require","password":"require","email":"require","lastName":"require","firstName":"require"},"states":{"ignore":{},"default":{},"init":{},"modify":{},"require":{"phone":true,"city":true,"role":true,"isAccountActive":true,"accountLocked":true,"salt":true,"password":true,"email":true,"lastName":true,"firstName":true}},"stateNames":["require","modify","init","default","ignore"]},"emitter":{"_events":{},"_eventsCount":0,"_maxListeners":0}},"isNew":false,"_doc":{"firstName":"SuperAdmin","lastName":"User","email":"admin@coach.com","password":"8c669a79afbe0858291f098306f299e78d06f62d","salt":"24abc9c0-8694-11e8-af06-81d9c5a7b1e9","accountLocked":false,"isAccountActive":true,"created":"2018-07-13T11:59:07.166Z","sports":[],"awardsAndRecognition":[],"_id":{"_bsontype":"ObjectID","id":"[H\u000br}y\u001cÚ\u0019È"},"city":"LONDON","phone":9999999999,"role":"ROLE_SUPERADMIN","updatedAt":"2018-07-13T11:59:07.172Z","createdAt":"2018-07-13T11:59:07.172Z","deleted":false,"deletedAt":null,"__v":0},"_pres":{"$__original_save":[null,null,null,null]},"_posts":{"$__original_save":[]},"level":"info","message":"","timestamp":"2018-07-13T11:59:07.497Z"}
